JustChinese#其他#导游,休闲娱乐,个性化,直播,C2C#2015-01-01 00:00:00#种子轮#北京#正常
玩转社团#其他#移动互联网,大学生,社区#2015-01-01 00:00:00##广州#正常
育路教育#其他#教育,考研,社区,大学生,校园社交#2015-07-21 00:00:00##北京#正常
聚铭师#其他#高考,教育,阅读#2015-01-23 00:00:00#A#北京#正常
空课#其他#陪练,海外,旅游,艺术#2015-01-01 00:00:00##广州#正常
英柯#职业发展#职业发展,教育#2015-03-25 00:00:00##北京#正常
登鹿#其他#教育,目的地,房产,O2O#2015-01-01 00:00:00##哈尔滨#正常
新越远航（北京）科技有限公司#其他#旅游,自助游,出境游,定制游,目的地#2015-01-01 00:00:00##北京#正常
边学边问#其他#视频,大学生,考研,行业解决方案,教育信息化#2015-02-13 00:00:00#种子轮#武汉#正常
小窝网络科技有限公司#其他#教育,社交,陌生人社交,租房,社区#2015-01-01 00:00:00##上海#正常
日行一刻#其他#教育,视频,移动互联网,幼教,社区#2015-03-02 00:00:00##北京#正常
RiteTrek锐助网#其他#海外#2015-04-24 00:00:00##成都#正常
全洲通（北京）国际教育#咨询服务#教育,咨询服务#2015-07-09 00:00:00##北京#正常
赢鼎教育#其他#媒体,高考,教育,K12,语言学习#2015-02-06 00:00:00#IPO#郑州#正常
书客beta#其他#阅读,社区,教育,海外#2015-01-01 00:00:00##北京#正常
北京石三教育科技有限公司#其他#教育#2015-05-20 00:00:00#A#北京#正常
灵海科技#其他#教育,直播,文化娱乐,社区,大学生#2015-03-26 00:00:00#种子轮#武汉#正常
撮合科技#其他#商业地产,海外#2015-12-25 00:00:00##杭州#正常
猫头鹰#咨询服务#咨询服务,教育#2015-06-17 00:00:00##杭州#正常
E能网#其他##2015-10-15 00:00:00##北京#正常
金梦想#咨询服务#咨询服务,旅游,海外,出境游#2015-11-09 00:00:00#IPO#北京#正常
随游派 travel·pie#其他#出境游,海外,旅游,旅游媒体,社区#2015-01-01 00:00:00##北京#正常
北京至微六合科技有限公司#咨询服务#职业发展,教育,咨询服务#2015-09-24 00:00:00##北京#正常
口语奶茶#其他#陪练,海外,C2C,兴趣社交,成人外语#2015-09-28 00:00:00##深圳#正常
泼辣熊#其他#计算机视觉,人工智能,工具软件,图像视频#2015-03-30 00:00:00#种子轮#北京#正常
Yeast#其他#社交,海外,商务社交#2015-03-25 00:00:00##北京#正常
上海飒贤Sixians#其他#娱乐,社交#2015-07-21 00:00:00##上海#正常
BridgeFuture#其他#教育,海外#2015-03-01 00:00:00#种子轮#上海#正常
淘教乐#其他#教育,K12#2015-07-27 00:00:00##哈尔滨#正常
囧囧兔#其他#自由行,海外,旅游,出境游,导游#2015-08-01 00:00:00#种子轮#上海#正常
无忧启程#其他#知识分享,财富管理,房产,海外,高净值人群#2016-06-01 00:00:00##深圳#正常
Alicedream#其他#90后,VR,游戏,硬件#2016-06-01 00:00:00##加拿大#正常
小牛学社#其他#大学生,教育,证书考试,企业培训,成人外语#2015-01-01 00:00:00##北京#正常
枝叶网#职业发展#教育,招聘,职业培训,人力资源#2015-11-06 00:00:00##北京#正常
虎刺怕#其他##2015-12-07 00:00:00##北京#正常
英华堂（UCSU西安代表处）#其他#心理健康,海外,教育#2016-06-07 00:00:00##西安#正常
Oclinx#其他#社交网络,社交#2015-05-08 00:00:00##南京#正常
留学智酷#其他#海外,大数据,教育#2015-01-01 00:00:00##哈尔滨#正常
20ke#其他#教育,MOOC,语言学习#2015-05-06 00:00:00##杭州#正常
pentaquark#其他#大学生,海外#2016-01-01 00:00:00##北京#正常
老外快线#职业发展#招聘,婚庆服务,地图,B2C,O2O#2015-08-26 00:00:00##上海#正常
U代#其他#时尚,旅游,C2C,自由行,买手#2015-08-11 00:00:00##上海#正常
有缘游#其他#旅游,自助游,出境游,目的地,旅游社交#2015-08-01 00:00:00##北京#正常
联智未来#其他#海外,教育,移动互联网#2015-06-01 00:00:00##北京#正常
CareerBee#职业发展#招聘,垂直搜索,海外#2015-01-01 00:00:00##成都#正常
Beehires海外人才竞拍#职业发展#招聘,企业服务,海外,人力资源,校园招聘#2015-04-01 00:00:00##北京#正常
托您的福#其他#教育,语言学习,成人外语#2015-04-03 00:00:00#种子轮#北京#正常
一起点拨#咨询服务#教育,海外,咨询服务#2015-03-19 00:00:00#种子轮#北京#正常
tuc_studio#其他#视频#2015-01-01 00:00:00##未知#正常
四箭齐发#其他#教育,语言学习#2015-10-27 00:00:00#种子轮#上海#正常
北美学姐#其他#机器学习,人工智能,本地生活#2016-02-01 00:00:00#种子轮#上海#正常
学无国界myOffer#其他#海外,教育,机器学习,工具软件,大数据#2015-07-01 00:00:00#A#深圳#正常
e乡e家#其他#长租,本地生活,租房,整租,合租#2016-02-01 00:00:00##北京#正常
回加网#其他#自由行,旅游,高端游,出境游,教育#2015-12-01 00:00:00##长沙#正常
migrout#职业发展#招聘#2015-08-28 00:00:00##北京#正常
钛帮#其他#社交,C2C,社区,海外#2015-08-12 00:00:00##未知#正常
可爱留学#其他#移动互联网,教育#2015-06-25 00:00:00##大连#正常
Livety立屋#其他#租房,海外,房产服务#2016-08-01 00:00:00##北京#正常
留学范儿#其他#海外,教育,大数据,云计算#2015-05-01 00:00:00##北京#正常
盛为教育#其他#海外,医药,旅游#2015-01-08 00:00:00##成都#正常
飞出国#其他#海外,教育,B2C#2015-05-01 00:00:00#天使轮#北京#正常
新牛剑教育#其他#教育,教育信息化,职业培训,移动互联网教育,海外#2015-08-31 00:00:00##杭州#正常
嘀嗒答疑#其他#海外,大学生#2015-06-29 00:00:00##上海#正常
世为教育#职业发展#教育,职业发展,手艺人#2015-01-15 00:00:00##上海#正常
兴华留学#职业发展#职业发展,海外,教育,交通#2015-03-09 00:00:00##北京#正常
海蚌网#其他#社区,社交,海外,O2O,校园社交#2015-04-03 00:00:00##武汉#正常
帕思卡#其他##2016-03-10 00:00:00##成都#正常
高校连连看#其他#教育,高考,考研#2015-04-01 00:00:00##北京#正常
华人社区#其他#社交,海外,教育,同城交友,垂直社区#2015-03-01 00:00:00##北京#正常
趣海外#其他#海外,视频,媒体,自媒体,教育#2016-05-01 00:00:00#种子轮#广州#正常
中美合资互联网教育平台#其他#教育#2015-12-31 00:00:00#A#杭州#正常
pdmaf#其他#海外,个性化,海淘#2015-01-01 00:00:00##杭州#正常
爱玩教育科技有限公司#其他#游戏#2015-01-01 00:00:00##大连#正常
天乐科技#其他#教育,音乐#2015-01-01 00:00:00##大连#正常
MentorBridge#咨询服务#咨询服务,众包,教育#2015-08-28 00:00:00##上海#正常
享乐派#其他#旅游,海外,出境游#2015-11-13 00:00:00#种子轮#北京#正常
斯隆教育#其他#教育,金融,基金#2015-04-30 00:00:00##上海#正常
法兰菲勒文化交流#其他#教育,法律#2015-12-31 00:00:00##武汉#正常
四川广昱天恒教育咨询股份有限公司#其他#海外,教育#2015-05-15 00:00:00##成都#正常
HaoStay好住科技#其他#民宿,租房,房产服务#2015-10-01 00:00:00#天使轮#深圳#正常
雅力科技#其他#教育,海外,语言学习#2015-11-01 00:00:00#Acquired#上海#正常
剑树CamTree#咨询服务#教育,移动互联网教育,MOOC,成人外语,咨询服务#2015-11-02 00:00:00##贵阳#正常
天创四方#其他#海外,人力资源,教育#2015-08-28 00:00:00##北京#正常
深圳小小汇网络科技有限公司#其他#安全,P2P#2015-04-01 00:00:00##深圳#正常
乐此设计#其他#教育,素质教育,艺术教育,艺术,设计师#2015-01-08 00:00:00##广州#正常
DearMentor#其他#教育,撮合交易,高等教育#2015-06-11 00:00:00##成都#正常
日不落#咨询服务#咨询服务#2015-05-29 00:00:00##北京#正常
任你学#其他#教育,移动互联网教育,海外,旅游#2015-01-01 00:00:00##上海#正常
异库教育#其他#海外,教育#2015-08-03 00:00:00#A#苏州#正常
维基教育#其他#教育,海外#2015-03-17 00:00:00##广州#正常
学霸公社#职业发展#职业发展,教育,海外#2015-10-01 00:00:00##深圳#正常
留洋帮#其他#个性化,大数据,个性化推荐,教育#2015-05-01 00:00:00#种子轮#北京#正常
新六板#其他#社交网络,股票,教育,金融#2015-01-01 00:00:00##北京#正常
斯隆教育#职业发展#招聘,职业发展,教育#2015-10-14 00:00:00##杭州#正常
五壹教育#其他#教育#2015-07-01 00:00:00##无锡#正常
美中国际#职业发展#教育,海外,个性化,职业发展,自媒体#2015-05-14 00:00:00##成都#正常
爱预科网#其他#大学生,自由行,教育,成人外语,语言学习#2015-03-01 00:00:00#种子轮#北京#正常
帝弗英#其他#教育,海外,影视,大学生#2015-09-10 00:00:00##南京#正常
飘洋留学生平台#其他#海外,社交,金融,旅游#2015-09-01 00:00:00##杭州#正常
奈格教育#其他#教育,高等教育,大学生#2015-12-30 00:00:00##上海#正常
K-tan#其他#设计师,教育#2015-01-01 00:00:00##大连#正常
BBE#咨询服务#教育,咨询服务,交通,海外#2015-10-29 00:00:00#种子轮#广州#正常
聚焦留学网#职业发展#医疗保险,招聘,办公场地,海外#2015-01-01 00:00:00##北京#正常
出国风#其他#房产,金融,海外,垂直社区,旅游#2015-03-01 00:00:00##深圳#正常
Change#其他#海外,移动互联网,问答社区#2015-08-18 00:00:00#A#北京#正常
回国后#职业发展#大学生,招聘,海外#2015-07-21 00:00:00##杭州#正常
帮帮留学#咨询服务#海外,咨询服务,教育#2015-10-27 00:00:00#种子轮#北京#正常
腾飞网#其他#电子商务,房产,个人助手,工具软件,跨境电商#2015-08-01 00:00:00##美国#正常
英澳军团#其他##2016-01-01 00:00:00##北京#正常
同人为和教育咨询#其他#教育#2015-05-06 00:00:00##北京#正常
留学书#其他#目的地,海外#2015-01-01 00:00:00##沈阳#正常
IECG/给特唯留学#其他#教育,海外#2015-05-14 00:00:00##广州#正常
留俄宝#其他#安全#2015-01-01 00:00:00##北京#正常
留贝网#其他#小语种,问答社区,海外,教育#2015-05-28 00:00:00##无锡#正常
惠皓教育机构#其他#教育#2015-02-09 00:00:00##北京#正常
悦见教育#咨询服务#教育,咨询服务,高等教育#2016-02-15 00:00:00##北京#正常
IKeeper留学管家#其他#海外,教育#2015-09-01 00:00:00#种子轮#杭州#正常
留学宝#其他#安全,教育,海外#2016-02-23 00:00:00#种子轮#广州#正常
诚琛投资#咨询服务#咨询服务,成人外语,教育#2016-03-21 00:00:00##广州#正常
Hereseas.com#其他#社区,社交,本地生活,校园社交,教育#2015-06-01 00:00:00##未知#正常
55留学网#其他#考研,海外,教育#2015-12-01 00:00:00##北京#正常
留学芒果#咨询服务#咨询服务,教育,海外#2015-01-01 00:00:00##北京#正常
阿米哥#其他#海外,视频,教育#2015-03-12 00:00:00##北京#正常
华人优服在线信息技术有限公司#其他#移动互联网,租房#2015-01-01 00:00:00##北京#正常
顺顺留学#其他#海外,教育,C2C#2015-09-24 00:00:00#Acquired#北京#正常
e海外#其他#安全,海外,教育#2015-01-01 00:00:00#种子轮#北京#正常
海外导师#其他#海外,私教,教育#2015-10-16 00:00:00##北京#正常
留学宝#其他#海外,教育信息化,教育,B2B#2015-08-01 00:00:00#种子轮#苏州#正常
嗷嗷大到#其他#娱乐,社交,校园社交,教育,垂直社区#2015-02-01 00:00:00##北京#正常
留呗科技-新浪留学分期#其他#分期,消费金融,金融,海外,分期付款#2016-05-01 00:00:00#天使轮#北京#正常
优顾#其他#教育#2015-10-26 00:00:00##上海#正常
答人#其他#互助社区,社交网络,海外,教育#2016-02-01 00:00:00##北京#正常
Hereseas#其他#社区#2015-06-01 00:00:00##未知#正常
贝瓦商务咨询#咨询服务#咨询服务,教育#2016-08-01 00:00:00#A#上海#正常
留学家#其他#教育#2016-04-01 00:00:00##北京#正常
易地接#其他#旅游,导游,本地生活,教育,租房#2015-05-01 00:00:00#天使轮#北京#正常
爱打勾#其他#教育,知识分享,证书考试,达人,海外#2015-01-01 00:00:00##北京#正常
前什#其他#教育#2015-08-04 00:00:00##上海#正常
留学go#其他#UGC,兴趣社区,兴趣社交,社区,媒体#2015-07-15 00:00:00#天使轮#北京#正常
“游学有方”垂直搜索引擎#其他#社区,垂直搜索,搜索引擎#2015-01-01 00:00:00##北京#正常
宾狗留学#其他#社区,教育#2015-04-01 00:00:00##佛山#正常
弘耀国际#其他#社区#2015-03-17 00:00:00##香港#正常
世纪美桥#其他#教育,大学生,成人外语,语言学习#2015-07-01 00:00:00##成都#正常
青浣科技#其他#大学生,高等教育,企业服务,社区,教育#2015-01-01 00:00:00##成都#正常
TIFY游学#其他#教育,大学生#2015-01-01 00:00:00#种子轮#深圳#正常
果冻公报#其他##2015-01-01 00:00:00##鞍山#正常
留扬宝#其他##2016-05-24 00:00:00##上海#正常
曼托教育#其他#海外,成人外语,教育#2015-06-12 00:00:00##北京#正常
麓行教育#其他#素质教育,教育,海外,校园经济,移动互联网教育#2015-07-27 00:00:00##深圳#正常
萤火之光#咨询服务#咨询服务,教育信息化,教育#2015-08-01 00:00:00##庆阳#正常
聚睿网#其他#垂直搜索#2016-01-01 00:00:00##加拿大#正常
爱天教育科技#其他#高考,机器学习,语言学习,人工智能,消费类硬件#2015-10-19 00:00:00#A#北京#正常
留学大师#其他##2015-11-13 00:00:00##北京#正常
留学心理程#其他#视频#2015-12-01 00:00:00##北京#正常
见学咨询#其他#教育#2016-02-26 00:00:00##上海#正常
走出趣#其他#海外#2016-06-27 00:00:00##北京#正常
Skyline#其他#C2C#2015-01-01 00:00:00##北京#正常
牛剑教育#其他#教育,行业解决方案,教育信息化,移动互联网教育,语言学习#2015-05-01 00:00:00##深圳#正常
西游留学#其他#支付#2015-01-01 00:00:00##北京#正常
Majorbox#咨询服务#教育,咨询服务,新闻资讯,教育信息化#2015-08-03 00:00:00#种子轮#北京#正常
美擎教育#其他#教育#2015-08-28 00:00:00##北京#正常
Cialfo中国#其他#个性化,海外#2015-08-24 00:00:00##上海#正常
留学小助手#其他#海外,教育#2014-10-01 00:00:00##北京#关闭
漂洋过海#咨询服务#海外,教育,大数据,咨询服务,个性化推荐#2014-12-08 00:00:00##厦门#正常
时差党#其他#海外,移动社交,社交,社区,社交网络#2014-10-01 00:00:00#种子轮#成都#正常
留帮网#其他#机票,教育,新媒体,支付#2014-11-01 00:00:00##上海#正常
棒呆留学#其他#社区,教育#2014-12-01 00:00:00#种子轮#上海#正常
南加州教育#其他#教育,语言学习#2014-12-01 00:00:00##苏州#正常
留学快问#其他#客服#2014-11-02 00:00:00##北京#正常
西留记#其他#海外#2014-12-04 00:00:00##北京#正常
驰远教育#其他#教育,海外#2014-10-22 00:00:00##北京#正常
牛校网#咨询服务#高考,咨询服务,导购,O2O,成人外语#2014-10-01 00:00:00##北京#正常
以色列教育咨询工作室#其他#教育#2014-12-01 00:00:00##杭州#正常
波士顿善恩教育#职业发展#招聘,教育#2014-12-04 00:00:00##上海#正常
游学圈#其他#旅游,旅游社交,垂直社区,社区,O2O#2014-11-01 00:00:00#种子轮#北京#正常
提分威学堂#其他#教育,证书考试#2014-11-01 00:00:00#种子轮#广州#正常
多诺互动#其他#教育,语言学习,小语种,移动互联网#2014-10-24 00:00:00#种子轮#北京#正常
淘游学#其他#亲子游,目的地,旅游,教育,出境游#2014-10-01 00:00:00#种子轮#上海#正常
Ubarm#咨询服务#视频,语言学习,教育,垂直搜索,咨询服务#2014-11-01 00:00:00##北京#正常
出国汇#其他#海外,O2O,旅游,教育,新媒体#2014-11-01 00:00:00##武汉#正常
Smarttraveller旅橙#其他#导游,自由行,出境游,海外,旅游#2014-11-01 00:00:00##天津#正常
FG Academy#其他#教育#2014-12-11 00:00:00##北京#正常
海外优服#其他#旅游,海外,O2O,教育,二手车#2014-10-01 00:00:00##北京#正常
瑞应书院#其他#考研,教育,大学生,大数据,高等教育#2014-12-01 00:00:00#种子轮#北京#正常
